Determining if the pthread_create exist failed with the following output:
Change Dir: /home/student/CarND_Capstone_Project/ros/build/CMakeFiles/CMakeTmp

Run Build Command:"/usr/bin/make" "cmTC_3cc2e/fast"
/usr/bin/make -f CMakeFiles/cmTC_3cc2e.dir/build.make CMakeFiles/cmTC_3cc2e.dir/build
make[1]: Entering directory '/home/student/CarND_Capstone_Project/ros/build/CMakeFiles/CMakeTmp'
Building C object CMakeFiles/cmTC_3cc2e.dir/CheckSymbolExists.c.o
/usr/bin/cc     -o CMakeFiles/cmTC_3cc2e.dir/CheckSymbolExists.c.o   -c /home/student/CarND_Capstone_Project/ros/build/CMakeFiles/CMakeTmp/CheckSymbolExists.c
Linking C executable cmTC_3cc2e
/usr/bin/cmake -E cmake_link_script CMakeFiles/cmTC_3cc2e.dir/link.txt --verbose=1
/usr/bin/cc       CMakeFiles/cmTC_3cc2e.dir/CheckSymbolExists.c.o  -o cmTC_3cc2e -rdynamic 
CMakeFiles/cmTC_3cc2e.dir/CheckSymbolExists.c.o: In function `main':
CheckSymbolExists.c:(.text+0x16): undefined reference to `pthread_create'
collect2: error: ld returned 1 exit status
CMakeFiles/cmTC_3cc2e.dir/build.make:97: recipe for target 'cmTC_3cc2e' failed
make[1]: *** [cmTC_3cc2e] Error 1
make[1]: Leaving directory '/home/student/CarND_Capstone_Project/ros/build/CMakeFiles/CMakeTmp'
Makefile:126: recipe for target 'cmTC_3cc2e/fast' failed
make: *** [cmTC_3cc2e/fast] Error 2

File /home/student/CarND_Capstone_Project/ros/build/CMakeFiles/CMakeTmp/CheckSymbolExists.c:
/* */
#include <pthread.h>

int main(int argc, char** argv)
{
  (void)argv;
#ifndef pthread_create
  return ((int*)(&pthread_create))[argc];
#else
  (void)argc;
  return 0;
#endif
}

Determining if the function pthread_create exists in the pthreads failed with the following output:
Change Dir: /home/student/CarND_Capstone_Project/ros/build/CMakeFiles/CMakeTmp

Run Build Command:"/usr/bin/make" "cmTC_aeeb4/fast"
/usr/bin/make -f CMakeFiles/cmTC_aeeb4.dir/build.make CMakeFiles/cmTC_aeeb4.dir/build
make[1]: Entering directory '/home/student/CarND_Capstone_Project/ros/build/CMakeFiles/CMakeTmp'
Building C object CMakeFiles/cmTC_aeeb4.dir/CheckFunctionExists.c.o
/usr/bin/cc    -DCHECK_FUNCTION_EXISTS=pthread_create   -o CMakeFiles/cmTC_aeeb4.dir/CheckFunctionExists.c.o   -c /usr/share/cmake-3.5/Modules/CheckFunctionExists.c
Linking C executable cmTC_aeeb4
/usr/bin/cmake -E cmake_link_script CMakeFiles/cmTC_aeeb4.dir/link.txt --verbose=1
/usr/bin/cc   -DCHECK_FUNCTION_EXISTS=pthread_create    CMakeFiles/cmTC_aeeb4.dir/CheckFunctionExists.c.o  -o cmTC_aeeb4 -rdynamic -lpthreads 
/usr/bin/ld: cannot find -lpthreads
collect2: error: ld returned 1 exit status
CMakeFiles/cmTC_aeeb4.dir/build.make:97: recipe for target 'cmTC_aeeb4' failed
make[1]: *** [cmTC_aeeb4] Error 1
make[1]: Leaving directory '/home/student/CarND_Capstone_Project/ros/build/CMakeFiles/CMakeTmp'
Makefile:126: recipe for target 'cmTC_aeeb4/fast' failed
make: *** [cmTC_aeeb4/fast] Error 2


